----------- ScanTools 8.0 Operations Log ----------

Application:    Exam (Form 229633)
Number:         001

Data file:                   10219.dat
Edit profile:                
Score profile:               
Conversion profile:          
Converted output filename:   

Batch number:                001
Run date:                    01/04/16
Run number:                  1
Print options:               None
Starting serial number:      1
Ending serial number:        15

Mark Threshold:              5
Discrimination margin:       3
Form ID/Litho threshold:     8
Discrimination cutoff:       10
Scanner model:               OpScan 7/8

Documents scanned:           15
Documents rejected:          0
Documents flagged for corr.: 0
Documents corrected:         0
Documents stranded in queue: 0
Documents converted:         0

Batch started at:            Mon, January 04, 2016 02:09:12 PM
Batch completed at:          Mon, January 04, 2016 02:11:08 PM

----------------------- End Batch -----------------------


----------- ScanTools 8.0 Operations Log ----------

Application:    Exam (Form 229633)
Number:         001

Data file:                   11544.dat
Edit profile:                
Score profile:               
Conversion profile:          
Converted output filename:   

Batch number:                001
Run date:                    01/04/16
Run number:                  1
Print options:               None
Starting serial number:      1
Ending serial number:        8

Mark Threshold:              5
Discrimination margin:       3
Form ID/Litho threshold:     8
Discrimination cutoff:       10
Scanner model:               OpScan 7/8

Documents scanned:           8
Documents rejected:          0
Documents flagged for corr.: 0
Documents corrected:         0
Documents stranded in queue: 0
Documents converted:         0

Batch started at:            Mon, January 04, 2016 02:14:54 PM
Batch completed at:          Mon, January 04, 2016 02:15:16 PM

----------------------- End Batch -----------------------


----------- ScanTools 8.0 Operations Log ----------

Application:    Exam (Form 229633)
Number:         001

Data file:                   11543.dat
Edit profile:                
Score profile:               
Conversion profile:          
Converted output filename:   

Batch number:                001
Run date:                    01/04/16
Run number:                  1
Print options:               None
Starting serial number:      1
Ending serial number:        10

Mark Threshold:              5
Discrimination margin:       3
Form ID/Litho threshold:     8
Discrimination cutoff:       10
Scanner model:               OpScan 7/8

Documents scanned:           10
Documents rejected:          0
Documents flagged for corr.: 0
Documents corrected:         0
Documents stranded in queue: 0
Documents converted:         0

Batch started at:            Mon, January 04, 2016 02:15:35 PM
Batch completed at:          Mon, January 04, 2016 02:16:18 PM

----------------------- End Batch -----------------------


----------- ScanTools 8.0 Operations Log ----------

Application:    Exam (Form 229633)
Number:         001

Data file:                   11393.dat
Edit profile:                
Score profile:               
Conversion profile:          
Converted output filename:   

Batch number:                001
Run date:                    01/04/16
Run number:                  1
Print options:               None
Starting serial number:      1
Ending serial number:        18

Mark Threshold:              5
Discrimination margin:       3
Form ID/Litho threshold:     8
Discrimination cutoff:       10
Scanner model:               OpScan 7/8

Documents scanned:           18
Documents rejected:          0
Documents flagged for corr.: 0
Documents corrected:         0
Documents stranded in queue: 0
Documents converted:         0

Batch started at:            Mon, January 04, 2016 02:17:25 PM
Batch completed at:          Mon, January 04, 2016 02:17:59 PM

----------------------- End Batch -----------------------


----------- ScanTools 8.0 Operations Log ----------

Application:    Exam (Form 229633)
Number:         001

Data file:                   10214.dat
Edit profile:                
Score profile:               
Conversion profile:          
Converted output filename:   

Batch number:                001
Run date:                    01/04/16
Run number:                  1
Print options:               None
Starting serial number:      1
Ending serial number:        8

Mark Threshold:              5
Discrimination margin:       3
Form ID/Litho threshold:     8
Discrimination cutoff:       10
Scanner model:               OpScan 7/8

Documents scanned:           8
Documents rejected:          0
Documents flagged for corr.: 0
Documents corrected:         0
Documents stranded in queue: 0
Documents converted:         0

Batch started at:            Mon, January 04, 2016 02:18:29 PM
Batch completed at:          Mon, January 04, 2016 02:18:49 PM

----------------------- End Batch -----------------------


----------- ScanTools 8.0 Operations Log ----------

Application:    Exam (Form 229633)
Number:         001

Data file:                   11279.dat
Edit profile:                
Score profile:               
Conversion profile:          
Converted output filename:   

Batch number:                001
Run date:                    01/04/16
Run number:                  1
Print options:               None
Starting serial number:      1
Ending serial number:        25

Mark Threshold:              5
Discrimination margin:       3
Form ID/Litho threshold:     8
Discrimination cutoff:       10
Scanner model:               OpScan 7/8

Documents scanned:           25
Documents rejected:          0
Documents flagged for corr.: 0
Documents corrected:         0
Documents stranded in queue: 0
Documents converted:         0

Batch started at:            Mon, January 04, 2016 02:19:14 PM
Batch completed at:          Mon, January 04, 2016 02:19:50 PM

----------------------- End Batch -----------------------


----------- ScanTools 8.0 Operations Log ----------

Application:    Exam (Form 229633)
Number:         001

Data file:                   10210.dat
Edit profile:                
Score profile:               
Conversion profile:          
Converted output filename:   

Batch number:                001
Run date:                    01/04/16
Run number:                  1
Print options:               None
Starting serial number:      1
Ending serial number:        19

Mark Threshold:              5
Discrimination margin:       3
Form ID/Litho threshold:     8
Discrimination cutoff:       10
Scanner model:               OpScan 7/8

Documents scanned:           19
Documents rejected:          0
Documents flagged for corr.: 0
Documents corrected:         0
Documents stranded in queue: 0
Documents converted:         0

Batch started at:            Mon, January 04, 2016 02:20:16 PM
Batch completed at:          Mon, January 04, 2016 02:20:53 PM

----------------------- End Batch -----------------------


----------- ScanTools 8.0 Operations Log ----------

Application:    Exam (Form 229633)
Number:         001

Data file:                   11281.dat
Edit profile:                
Score profile:               
Conversion profile:          
Converted output filename:   

Batch number:                001
Run date:                    01/04/16
Run number:                  1
Print options:               None
Starting serial number:      1
Ending serial number:        15

Mark Threshold:              5
Discrimination margin:       3
Form ID/Litho threshold:     8
Discrimination cutoff:       10
Scanner model:               OpScan 7/8

Documents scanned:           15
Documents rejected:          0
Documents flagged for corr.: 0
Documents corrected:         0
Documents stranded in queue: 0
Documents converted:         0

Batch started at:            Mon, January 04, 2016 02:21:20 PM
Batch completed at:          Mon, January 04, 2016 02:21:49 PM

----------------------- End Batch -----------------------


----------- ScanTools 8.0 Operations Log ----------

Application:    Exam (Form 229633)
Number:         001

Data file:                   11547.dat
Edit profile:                
Score profile:               
Conversion profile:          
Converted output filename:   

Batch number:                001
Run date:                    01/04/16
Run number:                  1
Print options:               None
Starting serial number:      1
Ending serial number:        17

Mark Threshold:              5
Discrimination margin:       3
Form ID/Litho threshold:     8
Discrimination cutoff:       10
Scanner model:               OpScan 7/8

Documents scanned:           17
Documents rejected:          0
Documents flagged for corr.: 0
Documents corrected:         0
Documents stranded in queue: 0
Documents converted:         0

Batch started at:            Mon, January 04, 2016 02:22:15 PM
Batch completed at:          Mon, January 04, 2016 02:22:50 PM

----------------------- End Batch -----------------------


----------- ScanTools 8.0 Operations Log ----------

Application:    Exam (Form 229633)
Number:         001

Data file:                   11548.dat
Edit profile:                
Score profile:               
Conversion profile:          
Converted output filename:   

Batch number:                001
Run date:                    01/04/16
Run number:                  1
Print options:               None
Starting serial number:      1
Ending serial number:        14

Mark Threshold:              5
Discrimination margin:       3
Form ID/Litho threshold:     8
Discrimination cutoff:       10
Scanner model:               OpScan 7/8

Documents scanned:           14
Documents rejected:          0
Documents flagged for corr.: 0
Documents corrected:         0
Documents stranded in queue: 0
Documents converted:         0

Batch started at:            Mon, January 04, 2016 02:23:15 PM
Batch completed at:          Mon, January 04, 2016 02:24:07 PM

----------------------- End Batch -----------------------


----------- ScanTools 8.0 Operations Log ----------

Application:    Exam (Form 229633)
Number:         001

Data file:                   9804.dat
Edit profile:                
Score profile:               
Conversion profile:          
Converted output filename:   

Batch number:                001
Run date:                    01/04/16
Run number:                  1
Print options:               None
Starting serial number:      1
Ending serial number:        20

Mark Threshold:              5
Discrimination margin:       3
Form ID/Litho threshold:     8
Discrimination cutoff:       10
Scanner model:               OpScan 7/8

Documents scanned:           20
Documents rejected:          0
Documents flagged for corr.: 0
Documents corrected:         0
Documents stranded in queue: 0
Documents converted:         0

Batch started at:            Mon, January 04, 2016 02:24:38 PM
Batch completed at:          Mon, January 04, 2016 02:26:04 PM

----------------------- End Batch -----------------------


----------- ScanTools 8.0 Operations Log ----------

Application:    Exam (Form 229633)
Number:         001

Data file:                   9803.dat
Edit profile:                
Score profile:               
Conversion profile:          
Converted output filename:   

Batch number:                001
Run date:                    01/04/16
Run number:                  1
Print options:               None
Starting serial number:      1
Ending serial number:        17

Mark Threshold:              5
Discrimination margin:       3
Form ID/Litho threshold:     8
Discrimination cutoff:       10
Scanner model:               OpScan 7/8

Documents scanned:           17
Documents rejected:          0
Documents flagged for corr.: 0
Documents corrected:         0
Documents stranded in queue: 0
Documents converted:         0

Batch started at:            Mon, January 04, 2016 02:26:56 PM
Batch completed at:          Mon, January 04, 2016 02:27:52 PM

----------------------- End Batch -----------------------


----------- ScanTools 8.0 Operations Log ----------

Application:    Exam (Form 229633)
Number:         001

Data file:                   9802.dat
Edit profile:                
Score profile:               
Conversion profile:          
Converted output filename:   

Batch number:                001
Run date:                    01/04/16
Run number:                  1
Print options:               None
Starting serial number:      1
Ending serial number:        16

Mark Threshold:              5
Discrimination margin:       3
Form ID/Litho threshold:     8
Discrimination cutoff:       10
Scanner model:               OpScan 7/8

Documents scanned:           16
Documents rejected:          0
Documents flagged for corr.: 0
Documents corrected:         0
Documents stranded in queue: 0
Documents converted:         0

Batch started at:            Mon, January 04, 2016 02:28:39 PM
Batch completed at:          Mon, January 04, 2016 02:29:35 PM

----------------------- End Batch -----------------------


----------- ScanTools 8.0 Operations Log ----------

Application:    Exam (Form 229633)
Number:         001

Data file:                   9799.dat
Edit profile:                
Score profile:               
Conversion profile:          
Converted output filename:   

Batch number:                001
Run date:                    01/04/16
Run number:                  1
Print options:               None
Starting serial number:      1
Ending serial number:        19

Mark Threshold:              5
Discrimination margin:       3
Form ID/Litho threshold:     8
Discrimination cutoff:       10
Scanner model:               OpScan 7/8

Documents scanned:           19
Documents rejected:          0
Documents flagged for corr.: 0
Documents corrected:         0
Documents stranded in queue: 0
Documents converted:         0

Batch started at:            Mon, January 04, 2016 02:30:03 PM
Batch completed at:          Mon, January 04, 2016 02:30:30 PM

----------------------- End Batch -----------------------


----------- ScanTools 8.0 Operations Log ----------

Application:    Exam (Form 229633)
Number:         001

Data file:                   9798.dat
Edit profile:                
Score profile:               
Conversion profile:          
Converted output filename:   

Batch number:                001
Run date:                    01/04/16
Run number:                  1
Print options:               None
Starting serial number:      1
Ending serial number:        17

Mark Threshold:              5
Discrimination margin:       3
Form ID/Litho threshold:     8
Discrimination cutoff:       10
Scanner model:               OpScan 7/8

Documents scanned:           17
Documents rejected:          0
Documents flagged for corr.: 0
Documents corrected:         0
Documents stranded in queue: 0
Documents converted:         0

Batch started at:            Mon, January 04, 2016 02:31:13 PM
Batch completed at:          Mon, January 04, 2016 02:31:47 PM

----------------------- End Batch -----------------------


----------- ScanTools 8.0 Operations Log ----------

Application:    Exam (Form 229633)
Number:         001

Data file:                   11541.dat
Edit profile:                
Score profile:               
Conversion profile:          
Converted output filename:   

Batch number:                001
Run date:                    01/04/16
Run number:                  1
Print options:               None
Starting serial number:      1
Ending serial number:        24

Mark Threshold:              5
Discrimination margin:       3
Form ID/Litho threshold:     8
Discrimination cutoff:       10
Scanner model:               OpScan 7/8

Documents scanned:           24
Documents rejected:          0
Documents flagged for corr.: 0
Documents corrected:         0
Documents stranded in queue: 0
Documents converted:         0

Batch started at:            Mon, January 04, 2016 02:32:13 PM
Batch completed at:          Mon, January 04, 2016 02:32:58 PM

----------------------- End Batch -----------------------


----------- ScanTools 8.0 Operations Log ----------

Application:    Exam (Form 229633)
Number:         001

Data file:                   9801.dat
Edit profile:                
Score profile:               
Conversion profile:          
Converted output filename:   

Batch number:                001
Run date:                    01/04/16
Run number:                  1
Print options:               None
Starting serial number:      1
Ending serial number:        14

Mark Threshold:              5
Discrimination margin:       3
Form ID/Litho threshold:     8
Discrimination cutoff:       10
Scanner model:               OpScan 7/8

Documents scanned:           14
Documents rejected:          0
Documents flagged for corr.: 0
Documents corrected:         0
Documents stranded in queue: 0
Documents converted:         0

Batch started at:            Mon, January 04, 2016 02:33:27 PM
Batch completed at:          Mon, January 04, 2016 02:34:06 PM

----------------------- End Batch -----------------------


----------- ScanTools 8.0 Operations Log ----------

Application:    Exam (Form 229633)
Number:         001

Data file:                   11278.dat
Edit profile:                
Score profile:               
Conversion profile:          
Converted output filename:   

Batch number:                001
Run date:                    01/04/16
Run number:                  1
Print options:               None
Starting serial number:      1
Ending serial number:        24

Mark Threshold:              5
Discrimination margin:       3
Form ID/Litho threshold:     8
Discrimination cutoff:       10
Scanner model:               OpScan 7/8

Documents scanned:           24
Documents rejected:          0
Documents flagged for corr.: 0
Documents corrected:         0
Documents stranded in queue: 0
Documents converted:         0

Batch started at:            Mon, January 04, 2016 02:34:46 PM
Batch completed at:          Mon, January 04, 2016 02:35:24 PM

----------------------- End Batch -----------------------


----------- ScanTools 8.0 Operations Log ----------

Application:    Exam (Form 229633)
Number:         001

Data file:                   9861.dat
Edit profile:                
Score profile:               
Conversion profile:          
Converted output filename:   

Batch number:                001
Run date:                    01/04/16
Run number:                  1
Print options:               None
Starting serial number:      1
Ending serial number:        31

Mark Threshold:              5
Discrimination margin:       3
Form ID/Litho threshold:     8
Discrimination cutoff:       10
Scanner model:               OpScan 7/8

Documents scanned:           31
Documents rejected:          0
Documents flagged for corr.: 0
Documents corrected:         0
Documents stranded in queue: 0
Documents converted:         0

Batch started at:            Mon, January 04, 2016 02:35:56 PM
Batch completed at:          Mon, January 04, 2016 02:37:04 PM

----------------------- End Batch -----------------------


----------- ScanTools 8.0 Operations Log ----------

Application:    Exam (Form 229633)
Number:         001

Data file:                   9797.dat
Edit profile:                
Score profile:               
Conversion profile:          
Converted output filename:   

Batch number:                001
Run date:                    01/04/16
Run number:                  1
Print options:               None
Starting serial number:      1
Ending serial number:        34

Mark Threshold:              5
Discrimination margin:       3
Form ID/Litho threshold:     8
Discrimination cutoff:       10
Scanner model:               OpScan 7/8

Documents scanned:           34
Documents rejected:          0
Documents flagged for corr.: 0
Documents corrected:         0
Documents stranded in queue: 0
Documents converted:         0

Batch started at:            Mon, January 04, 2016 02:37:27 PM
Batch completed at:          Mon, January 04, 2016 02:38:08 PM

----------------------- End Batch -----------------------


----------- ScanTools 8.0 Operations Log ----------

Application:    Exam (Form 229633)
Number:         001

Data file:                   11282.dat
Edit profile:                
Score profile:               
Conversion profile:          
Converted output filename:   

Batch number:                001
Run date:                    01/04/16
Run number:                  1
Print options:               None
Starting serial number:      1
Ending serial number:        9

Mark Threshold:              5
Discrimination margin:       3
Form ID/Litho threshold:     8
Discrimination cutoff:       10
Scanner model:               OpScan 7/8

Documents scanned:           9
Documents rejected:          0
Documents flagged for corr.: 0
Documents corrected:         0
Documents stranded in queue: 0
Documents converted:         0

Batch started at:            Mon, January 04, 2016 02:38:56 PM
Batch completed at:          Mon, January 04, 2016 02:39:24 PM

----------------------- End Batch -----------------------


----------- ScanTools 8.0 Operations Log ----------

Application:    Exam (Form 229633)
Number:         001

Data file:                   11394.dat
Edit profile:                
Score profile:               
Conversion profile:          
Converted output filename:   

Batch number:                001
Run date:                    01/04/16
Run number:                  1
Print options:               None
Starting serial number:      1
Ending serial number:        18

Mark Threshold:              5
Discrimination margin:       3
Form ID/Litho threshold:     8
Discrimination cutoff:       10
Scanner model:               OpScan 7/8

Documents scanned:           18
Documents rejected:          0
Documents flagged for corr.: 0
Documents corrected:         0
Documents stranded in queue: 0
Documents converted:         0

Batch started at:            Mon, January 04, 2016 02:39:49 PM
Batch completed at:          Mon, January 04, 2016 02:40:19 PM

----------------------- End Batch -----------------------


----------- ScanTools 8.0 Operations Log ----------

Application:    Exam (Form 229633)
Number:         001

Data file:                   9862.dat
Edit profile:                
Score profile:               
Conversion profile:          
Converted output filename:   

Batch number:                001
Run date:                    01/04/16
Run number:                  1
Print options:               None
Starting serial number:      1
Ending serial number:        33

Mark Threshold:              5
Discrimination margin:       3
Form ID/Litho threshold:     8
Discrimination cutoff:       10
Scanner model:               OpScan 7/8

Documents scanned:           33
Documents rejected:          0
Documents flagged for corr.: 0
Documents corrected:         0
Documents stranded in queue: 0
Documents converted:         0

Batch started at:            Mon, January 04, 2016 02:40:48 PM
Batch completed at:          Mon, January 04, 2016 02:41:30 PM

----------------------- End Batch -----------------------


----------- ScanTools 8.0 Operations Log ----------

Application:    Exam (Form 229633)
Number:         001

Data file:                   10211.dat
Edit profile:                
Score profile:               
Conversion profile:          
Converted output filename:   

Batch number:                001
Run date:                    01/04/16
Run number:                  1
Print options:               None
Starting serial number:      1
Ending serial number:        7

Mark Threshold:              5
Discrimination margin:       3
Form ID/Litho threshold:     8
Discrimination cutoff:       10
Scanner model:               OpScan 7/8

Documents scanned:           7
Documents rejected:          0
Documents flagged for corr.: 0
Documents corrected:         0
Documents stranded in queue: 0
Documents converted:         0

Batch started at:            Mon, January 04, 2016 02:42:37 PM
Batch completed at:          Mon, January 04, 2016 02:42:51 PM

----------------------- End Batch -----------------------


----------- ScanTools 8.0 Operations Log ----------

Application:    Exam (Form 229633)
Number:         001

Data file:                   9800.dat
Edit profile:                
Score profile:               
Conversion profile:          
Converted output filename:   

Batch number:                001
Run date:                    01/04/16
Run number:                  1
Print options:               None
Starting serial number:      1
Ending serial number:        17

Mark Threshold:              5
Discrimination margin:       3
Form ID/Litho threshold:     8
Discrimination cutoff:       10
Scanner model:               OpScan 7/8

Documents scanned:           17
Documents rejected:          0
Documents flagged for corr.: 0
Documents corrected:         0
Documents stranded in queue: 0
Documents converted:         0

Batch started at:            Mon, January 04, 2016 02:43:24 PM
Batch completed at:          Mon, January 04, 2016 02:43:47 PM

----------------------- End Batch -----------------------


----------- ScanTools 8.0 Operations Log ----------

Application:    Exam (Form 229633)
Number:         001

Data file:                   11280.dat
Edit profile:                
Score profile:               
Conversion profile:          
Converted output filename:   

Batch number:                001
Run date:                    01/04/16
Run number:                  1
Print options:               None
Starting serial number:      1
Ending serial number:        11

Mark Threshold:              5
Discrimination margin:       3
Form ID/Litho threshold:     8
Discrimination cutoff:       10
Scanner model:               OpScan 7/8

Documents scanned:           11
Documents rejected:          0
Documents flagged for corr.: 0
Documents corrected:         0
Documents stranded in queue: 0
Documents converted:         0

Batch started at:            Mon, January 04, 2016 02:44:45 PM
Batch completed at:          Mon, January 04, 2016 02:45:03 PM

----------------------- End Batch -----------------------


